<?xml version="1.0" encoding="UTF-8"?>
<testng-results skipped="0" failed="0" total="1" passed="1">
  <reporter-output>
  </reporter-output>
  <suite name="Default suite" duration-ms="7224" started-at="2018-07-09T14:37:54Z" finished-at="2018-07-09T14:38:02Z">
    <groups>
    </groups>
    <test name="Default test" duration-ms="7224" started-at="2018-07-09T14:37:54Z" finished-at="2018-07-09T14:38:02Z">
      <class name="selenium_api.Topic_01">
        <test-method status="PASS" signature="beforeTest()[pri:0, instance:selenium_api.Topic_01@73035e27]" name="beforeTest" is-config="true" duration-ms="2613" started-at="2018-07-09T21:37:54Z" finished-at="2018-07-09T21:37:57Z">
          <reporter-output>
          </reporter-output>
        </test-method> <!-- beforeTest -->
        <test-method status="PASS" signature="testEasy()[pri:0, instance:selenium_api.Topic_01@73035e27]" name="testEasy" duration-ms="3728" started-at="2018-07-09T21:37:57Z" finished-at="2018-07-09T21:38:01Z">
          <reporter-output>
          </reporter-output>
        </test-method> <!-- testEasy -->
        <test-method status="PASS" signature="afterTest()[pri:0, instance:selenium_api.Topic_01@73035e27]" name="afterTest" is-config="true" duration-ms="870" started-at="2018-07-09T21:38:01Z" finished-at="2018-07-09T21:38:02Z">
          <reporter-output>
          </reporter-output>
        </test-method> <!-- afterTest -->
      </class> <!-- selenium_api.Topic_01 -->
    </test> <!-- Default test -->
  </suite> <!-- Default suite -->
</testng-results>
